<?xml version="1.0" encoding="UTF-8"?>
<testsuite xmlns:xsi="http://www.w3.org/2001/XMLSchema-instance" xsi:noNamespaceSchemaLocation="https://maven.apache.org/surefire/maven-surefire-plugin/xsd/surefire-test-report.xsd" name="com.leo.rest.RestApplicationTests" time="12.509" tests="1" errors="0" skipped="0" failures="0">
  <properties>
    <property name="awt.toolkit" value="sun.awt.X11.XToolkit"/>
    <property name="java.specification.version" value="11"/>
    <property name="sun.cpu.isalist" value=""/>
    <property name="sun.jnu.encoding" value="UTF-8"/>
    <property name="java.class.path" value="/workspaces/ecomm/target/test-classes:/workspaces/ecomm/target/classes:/home/codespace/.m2/repository/org/springframework/boot/spring-boot-starter-data-mongodb/2.6.2/spring-boot-starter-data-mongodb-2.6.2.jar:/home/codespace/.m2/repository/org/springframework/boot/spring-boot-starter/2.6.2/spring-boot-starter-2.6.2.jar:/home/codespace/.m2/repository/org/springframework/boot/spring-boot/2.6.2/spring-boot-2.6.2.jar:/home/codespace/.m2/repository/org/springframework/boot/spring-boot-autoconfigure/2.6.2/spring-boot-autoconfigure-2.6.2.jar:/home/codespace/.m2/repository/org/springframework/boot/spring-boot-starter-logging/2.6.2/spring-boot-starter-logging-2.6.2.jar:/home/codespace/.m2/repository/ch/qos/logback/logback-classic/1.2.9/logback-classic-1.2.9.jar:/home/codespace/.m2/repository/ch/qos/logback/logback-core/1.2.9/logback-core-1.2.9.jar:/home/codespace/.m2/repository/org/apache/logging/log4j/log4j-to-slf4j/2.17.0/log4j-to-slf4j-2.17.0.jar:/home/codespace/.m2/repository/org/apache/logging/log4j/log4j-api/2.17.0/log4j-api-2.17.0.jar:/home/codespace/.m2/repository/org/slf4j/jul-to-slf4j/1.7.32/jul-to-slf4j-1.7.32.jar:/home/codespace/.m2/repository/jakarta/annotation/jakarta.annotation-api/1.3.5/jakarta.annotation-api-1.3.5.jar:/home/codespace/.m2/repository/org/yaml/snakeyaml/1.29/snakeyaml-1.29.jar:/home/codespace/.m2/repository/org/mongodb/mongodb-driver-sync/4.4.0/mongodb-driver-sync-4.4.0.jar:/home/codespace/.m2/repository/org/mongodb/bson/4.4.0/bson-4.4.0.jar:/home/codespace/.m2/repository/org/mongodb/mongodb-driver-core/4.4.0/mongodb-driver-core-4.4.0.jar:/home/codespace/.m2/repository/org/springframework/data/spring-data-mongodb/3.3.0/spring-data-mongodb-3.3.0.jar:/home/codespace/.m2/repository/org/springframework/spring-tx/5.3.14/spring-tx-5.3.14.jar:/home/codespace/.m2/repository/org/springframework/spring-context/5.3.14/spring-context-5.3.14.jar:/home/codespace/.m2/repository/org/springframework/spring-beans/5.3.14/spring-beans-5.3.14.jar:/home/codespace/.m2/repository/org/springframework/spring-expression/5.3.14/spring-expression-5.3.14.jar:/home/codespace/.m2/repository/org/springframework/data/spring-data-commons/2.6.0/spring-data-commons-2.6.0.jar:/home/codespace/.m2/repository/org/slf4j/slf4j-api/1.7.32/slf4j-api-1.7.32.jar:/home/codespace/.m2/repository/org/springframework/boot/spring-boot-starter-web/2.6.2/spring-boot-starter-web-2.6.2.jar:/home/codespace/.m2/repository/org/springframework/boot/spring-boot-starter-json/2.6.2/spring-boot-starter-json-2.6.2.jar:/home/codespace/.m2/repository/com/fasterxml/jackson/datatype/jackson-datatype-jdk8/2.13.1/jackson-datatype-jdk8-2.13.1.jar:/home/codespace/.m2/repository/com/fasterxml/jackson/datatype/jackson-datatype-jsr310/2.13.1/jackson-datatype-jsr310-2.13.1.jar:/home/codespace/.m2/repository/com/fasterxml/jackson/module/jackson-module-parameter-names/2.13.1/jackson-module-parameter-names-2.13.1.jar:/home/codespace/.m2/repository/org/springframework/boot/spring-boot-starter-tomcat/2.6.2/spring-boot-starter-tomcat-2.6.2.jar:/home/codespace/.m2/repository/org/apache/tomcat/embed/tomcat-embed-core/9.0.56/tomcat-embed-core-9.0.56.jar:/home/codespace/.m2/repository/org/apache/tomcat/embed/tomcat-embed-el/9.0.56/tomcat-embed-el-9.0.56.jar:/home/codespace/.m2/repository/org/apache/tomcat/embed/tomcat-embed-websocket/9.0.56/tomcat-embed-websocket-9.0.56.jar:/home/codespace/.m2/repository/org/springframework/spring-web/5.3.14/spring-web-5.3.14.jar:/home/codespace/.m2/repository/org/springframework/spring-webmvc/5.3.14/spring-webmvc-5.3.14.jar:/home/codespace/.m2/repository/org/springframework/spring-aop/5.3.14/spring-aop-5.3.14.jar:/home/codespace/.m2/repository/org/springframework/boot/spring-boot-starter-test/2.6.2/spring-boot-starter-test-2.6.2.jar:/home/codespace/.m2/repository/org/springframework/boot/spring-boot-test/2.6.2/spring-boot-test-2.6.2.jar:/home/codespace/.m2/repository/org/springframework/boot/spring-boot-test-autoconfigure/2.6.2/spring-boot-test-autoconfigure-2.6.2.jar:/home/codespace/.m2/repository/com/jayway/jsonpath/json-path/2.6.0/json-path-2.6.0.jar:/home/codespace/.m2/repository/net/minidev/json-smart/2.4.7/json-smart-2.4.7.jar:/home/codespace/.m2/repository/net/minidev/accessors-smart/2.4.7/accessors-smart-2.4.7.jar:/home/codespace/.m2/repository/org/ow2/asm/asm/9.1/asm-9.1.jar:/home/codespace/.m2/repository/jakarta/xml/bind/jakarta.xml.bind-api/2.3.3/jakarta.xml.bind-api-2.3.3.jar:/home/codespace/.m2/repository/jakarta/activation/jakarta.activation-api/1.2.2/jakarta.activation-api-1.2.2.jar:/home/codespace/.m2/repository/org/assertj/assertj-core/3.21.0/assertj-core-3.21.0.jar:/home/codespace/.m2/repository/org/hamcrest/hamcrest/2.2/hamcrest-2.2.jar:/home/codespace/.m2/repository/org/junit/jupiter/junit-jupiter/5.8.2/junit-jupiter-5.8.2.jar:/home/codespace/.m2/repository/org/junit/jupiter/junit-jupiter-api/5.8.2/junit-jupiter-api-5.8.2.jar:/home/codespace/.m2/repository/org/opentest4j/opentest4j/1.2.0/opentest4j-1.2.0.jar:/home/codespace/.m2/repository/org/junit/platform/junit-platform-commons/1.8.2/junit-platform-commons-1.8.2.jar:/home/codespace/.m2/repository/org/apiguardian/apiguardian-api/1.1.2/apiguardian-api-1.1.2.jar:/home/codespace/.m2/repository/org/junit/jupiter/junit-jupiter-params/5.8.2/junit-jupiter-params-5.8.2.jar:/home/codespace/.m2/repository/org/junit/jupiter/junit-jupiter-engine/5.8.2/junit-jupiter-engine-5.8.2.jar:/home/codespace/.m2/repository/org/junit/platform/junit-platform-engine/1.8.2/junit-platform-engine-1.8.2.jar:/home/codespace/.m2/repository/org/mockito/mockito-core/4.0.0/mockito-core-4.0.0.jar:/home/codespace/.m2/repository/net/bytebuddy/byte-buddy/1.11.22/byte-buddy-1.11.22.jar:/home/codespace/.m2/repository/net/bytebuddy/byte-buddy-agent/1.11.22/byte-buddy-agent-1.11.22.jar:/home/codespace/.m2/repository/org/objenesis/objenesis/3.2/objenesis-3.2.jar:/home/codespace/.m2/repository/org/mockito/mockito-junit-jupiter/4.0.0/mockito-junit-jupiter-4.0.0.jar:/home/codespace/.m2/repository/org/skyscreamer/jsonassert/1.5.0/jsonassert-1.5.0.jar:/home/codespace/.m2/repository/com/vaadin/external/google/android-json/0.0.20131108.vaadin1/android-json-0.0.20131108.vaadin1.jar:/home/codespace/.m2/repository/org/springframework/spring-core/5.3.14/spring-core-5.3.14.jar:/home/codespace/.m2/repository/org/springframework/spring-jcl/5.3.14/spring-jcl-5.3.14.jar:/home/codespace/.m2/repository/org/springframework/spring-test/5.3.14/spring-test-5.3.14.jar:/home/codespace/.m2/repository/org/xmlunit/xmlunit-core/2.8.4/xmlunit-core-2.8.4.jar:/home/codespace/.m2/repository/com/fasterxml/jackson/dataformat/jackson-dataformat-xml/2.4.3/jackson-dataformat-xml-2.4.3.jar:/home/codespace/.m2/repository/com/fasterxml/jackson/core/jackson-core/2.13.1/jackson-core-2.13.1.jar:/home/codespace/.m2/repository/com/fasterxml/jackson/core/jackson-annotations/2.13.1/jackson-annotations-2.13.1.jar:/home/codespace/.m2/repository/com/fasterxml/jackson/core/jackson-databind/2.13.1/jackson-databind-2.13.1.jar:/home/codespace/.m2/repository/com/fasterxml/jackson/module/jackson-module-jaxb-annotations/2.13.1/jackson-module-jaxb-annotations-2.13.1.jar:/home/codespace/.m2/repository/org/codehaus/woodstox/stax2-api/3.1.4/stax2-api-3.1.4.jar:/home/codespace/.m2/repository/com/razorpay/razorpay-java/1.3.9/razorpay-java-1.3.9.jar:/home/codespace/.m2/repository/com/squareup/okhttp3/okhttp/3.14.9/okhttp-3.14.9.jar:/home/codespace/.m2/repository/com/squareup/okio/okio/1.17.2/okio-1.17.2.jar:/home/codespace/.m2/repository/com/squareup/okhttp3/logging-interceptor/3.14.9/logging-interceptor-3.14.9.jar:/home/codespace/.m2/repository/org/json/json/20180130/json-20180130.jar:/home/codespace/.m2/repository/commons-codec/commons-codec/1.15/commons-codec-1.15.jar:/home/codespace/.m2/repository/org/apache/commons/commons-text/1.3/commons-text-1.3.jar:/home/codespace/.m2/repository/org/apache/commons/commons-lang3/3.12.0/commons-lang3-3.12.0.jar:"/>
    <property name="java.vm.vendor" value="Microsoft"/>
    <property name="sun.arch.data.model" value="64"/>
    <property name="java.vendor.url" value="https://www.microsoft.com"/>
    <property name="user.timezone" value=""/>
    <property name="java.vm.specification.version" value="11"/>
    <property name="os.name" value="Linux"/>
    <property name="sun.java.launcher" value="SUN_STANDARD"/>
    <property name="user.country" value="US"/>
    <property name="sun.boot.library.path" value="/opt/java/11.0.14/lib"/>
    <property name="sun.java.command" value="/workspaces/ecomm/target/surefire/surefirebooter9713717526028028484.jar /workspaces/ecomm/target/surefire 2022-12-01T13-21-28_900-jvmRun1 surefire15578016948268638129tmp surefire_017723560957087280772tmp"/>
    <property name="jdk.debug" value="release"/>
    <property name="surefire.test.class.path" value="/workspaces/ecomm/target/test-classes:/workspaces/ecomm/target/classes:/home/codespace/.m2/repository/org/springframework/boot/spring-boot-starter-data-mongodb/2.6.2/spring-boot-starter-data-mongodb-2.6.2.jar:/home/codespace/.m2/repository/org/springframework/boot/spring-boot-starter/2.6.2/spring-boot-starter-2.6.2.jar:/home/codespace/.m2/repository/org/springframework/boot/spring-boot/2.6.2/spring-boot-2.6.2.jar:/home/codespace/.m2/repository/org/springframework/boot/spring-boot-autoconfigure/2.6.2/spring-boot-autoconfigure-2.6.2.jar:/home/codespace/.m2/repository/org/springframework/boot/spring-boot-starter-logging/2.6.2/spring-boot-starter-logging-2.6.2.jar:/home/codespace/.m2/repository/ch/qos/logback/logback-classic/1.2.9/logback-classic-1.2.9.jar:/home/codespace/.m2/repository/ch/qos/logback/logback-core/1.2.9/logback-core-1.2.9.jar:/home/codespace/.m2/repository/org/apache/logging/log4j/log4j-to-slf4j/2.17.0/log4j-to-slf4j-2.17.0.jar:/home/codespace/.m2/repository/org/apache/logging/log4j/log4j-api/2.17.0/log4j-api-2.17.0.jar:/home/codespace/.m2/repository/org/slf4j/jul-to-slf4j/1.7.32/jul-to-slf4j-1.7.32.jar:/home/codespace/.m2/repository/jakarta/annotation/jakarta.annotation-api/1.3.5/jakarta.annotation-api-1.3.5.jar:/home/codespace/.m2/repository/org/yaml/snakeyaml/1.29/snakeyaml-1.29.jar:/home/codespace/.m2/repository/org/mongodb/mongodb-driver-sync/4.4.0/mongodb-driver-sync-4.4.0.jar:/home/codespace/.m2/repository/org/mongodb/bson/4.4.0/bson-4.4.0.jar:/home/codespace/.m2/repository/org/mongodb/mongodb-driver-core/4.4.0/mongodb-driver-core-4.4.0.jar:/home/codespace/.m2/repository/org/springframework/data/spring-data-mongodb/3.3.0/spring-data-mongodb-3.3.0.jar:/home/codespace/.m2/repository/org/springframework/spring-tx/5.3.14/spring-tx-5.3.14.jar:/home/codespace/.m2/repository/org/springframework/spring-context/5.3.14/spring-context-5.3.14.jar:/home/codespace/.m2/repository/org/springframework/spring-beans/5.3.14/spring-beans-5.3.14.jar:/home/codespace/.m2/repository/org/springframework/spring-expression/5.3.14/spring-expression-5.3.14.jar:/home/codespace/.m2/repository/org/springframework/data/spring-data-commons/2.6.0/spring-data-commons-2.6.0.jar:/home/codespace/.m2/repository/org/slf4j/slf4j-api/1.7.32/slf4j-api-1.7.32.jar:/home/codespace/.m2/repository/org/springframework/boot/spring-boot-starter-web/2.6.2/spring-boot-starter-web-2.6.2.jar:/home/codespace/.m2/repository/org/springframework/boot/spring-boot-starter-json/2.6.2/spring-boot-starter-json-2.6.2.jar:/home/codespace/.m2/repository/com/fasterxml/jackson/datatype/jackson-datatype-jdk8/2.13.1/jackson-datatype-jdk8-2.13.1.jar:/home/codespace/.m2/repository/com/fasterxml/jackson/datatype/jackson-datatype-jsr310/2.13.1/jackson-datatype-jsr310-2.13.1.jar:/home/codespace/.m2/repository/com/fasterxml/jackson/module/jackson-module-parameter-names/2.13.1/jackson-module-parameter-names-2.13.1.jar:/home/codespace/.m2/repository/org/springframework/boot/spring-boot-starter-tomcat/2.6.2/spring-boot-starter-tomcat-2.6.2.jar:/home/codespace/.m2/repository/org/apache/tomcat/embed/tomcat-embed-core/9.0.56/tomcat-embed-core-9.0.56.jar:/home/codespace/.m2/repository/org/apache/tomcat/embed/tomcat-embed-el/9.0.56/tomcat-embed-el-9.0.56.jar:/home/codespace/.m2/repository/org/apache/tomcat/embed/tomcat-embed-websocket/9.0.56/tomcat-embed-websocket-9.0.56.jar:/home/codespace/.m2/repository/org/springframework/spring-web/5.3.14/spring-web-5.3.14.jar:/home/codespace/.m2/repository/org/springframework/spring-webmvc/5.3.14/spring-webmvc-5.3.14.jar:/home/codespace/.m2/repository/org/springframework/spring-aop/5.3.14/spring-aop-5.3.14.jar:/home/codespace/.m2/repository/org/springframework/boot/spring-boot-starter-test/2.6.2/spring-boot-starter-test-2.6.2.jar:/home/codespace/.m2/repository/org/springframework/boot/spring-boot-test/2.6.2/spring-boot-test-2.6.2.jar:/home/codespace/.m2/repository/org/springframework/boot/spring-boot-test-autoconfigure/2.6.2/spring-boot-test-autoconfigure-2.6.2.jar:/home/codespace/.m2/repository/com/jayway/jsonpath/json-path/2.6.0/json-path-2.6.0.jar:/home/codespace/.m2/repository/net/minidev/json-smart/2.4.7/json-smart-2.4.7.jar:/home/codespace/.m2/repository/net/minidev/accessors-smart/2.4.7/accessors-smart-2.4.7.jar:/home/codespace/.m2/repository/org/ow2/asm/asm/9.1/asm-9.1.jar:/home/codespace/.m2/repository/jakarta/xml/bind/jakarta.xml.bind-api/2.3.3/jakarta.xml.bind-api-2.3.3.jar:/home/codespace/.m2/repository/jakarta/activation/jakarta.activation-api/1.2.2/jakarta.activation-api-1.2.2.jar:/home/codespace/.m2/repository/org/assertj/assertj-core/3.21.0/assertj-core-3.21.0.jar:/home/codespace/.m2/repository/org/hamcrest/hamcrest/2.2/hamcrest-2.2.jar:/home/codespace/.m2/repository/org/junit/jupiter/junit-jupiter/5.8.2/junit-jupiter-5.8.2.jar:/home/codespace/.m2/repository/org/junit/jupiter/junit-jupiter-api/5.8.2/junit-jupiter-api-5.8.2.jar:/home/codespace/.m2/repository/org/opentest4j/opentest4j/1.2.0/opentest4j-1.2.0.jar:/home/codespace/.m2/repository/org/junit/platform/junit-platform-commons/1.8.2/junit-platform-commons-1.8.2.jar:/home/codespace/.m2/repository/org/apiguardian/apiguardian-api/1.1.2/apiguardian-api-1.1.2.jar:/home/codespace/.m2/repository/org/junit/jupiter/junit-jupiter-params/5.8.2/junit-jupiter-params-5.8.2.jar:/home/codespace/.m2/repository/org/junit/jupiter/junit-jupiter-engine/5.8.2/junit-jupiter-engine-5.8.2.jar:/home/codespace/.m2/repository/org/junit/platform/junit-platform-engine/1.8.2/junit-platform-engine-1.8.2.jar:/home/codespace/.m2/repository/org/mockito/mockito-core/4.0.0/mockito-core-4.0.0.jar:/home/codespace/.m2/repository/net/bytebuddy/byte-buddy/1.11.22/byte-buddy-1.11.22.jar:/home/codespace/.m2/repository/net/bytebuddy/byte-buddy-agent/1.11.22/byte-buddy-agent-1.11.22.jar:/home/codespace/.m2/repository/org/objenesis/objenesis/3.2/objenesis-3.2.jar:/home/codespace/.m2/repository/org/mockito/mockito-junit-jupiter/4.0.0/mockito-junit-jupiter-4.0.0.jar:/home/codespace/.m2/repository/org/skyscreamer/jsonassert/1.5.0/jsonassert-1.5.0.jar:/home/codespace/.m2/repository/com/vaadin/external/google/android-json/0.0.20131108.vaadin1/android-json-0.0.20131108.vaadin1.jar:/home/codespace/.m2/repository/org/springframework/spring-core/5.3.14/spring-core-5.3.14.jar:/home/codespace/.m2/repository/org/springframework/spring-jcl/5.3.14/spring-jcl-5.3.14.jar:/home/codespace/.m2/repository/org/springframework/spring-test/5.3.14/spring-test-5.3.14.jar:/home/codespace/.m2/repository/org/xmlunit/xmlunit-core/2.8.4/xmlunit-core-2.8.4.jar:/home/codespace/.m2/repository/com/fasterxml/jackson/dataformat/jackson-dataformat-xml/2.4.3/jackson-dataformat-xml-2.4.3.jar:/home/codespace/.m2/repository/com/fasterxml/jackson/core/jackson-core/2.13.1/jackson-core-2.13.1.jar:/home/codespace/.m2/repository/com/fasterxml/jackson/core/jackson-annotations/2.13.1/jackson-annotations-2.13.1.jar:/home/codespace/.m2/repository/com/fasterxml/jackson/core/jackson-databind/2.13.1/jackson-databind-2.13.1.jar:/home/codespace/.m2/repository/com/fasterxml/jackson/module/jackson-module-jaxb-annotations/2.13.1/jackson-module-jaxb-annotations-2.13.1.jar:/home/codespace/.m2/repository/org/codehaus/woodstox/stax2-api/3.1.4/stax2-api-3.1.4.jar:/home/codespace/.m2/repository/com/razorpay/razorpay-java/1.3.9/razorpay-java-1.3.9.jar:/home/codespace/.m2/repository/com/squareup/okhttp3/okhttp/3.14.9/okhttp-3.14.9.jar:/home/codespace/.m2/repository/com/squareup/okio/okio/1.17.2/okio-1.17.2.jar:/home/codespace/.m2/repository/com/squareup/okhttp3/logging-interceptor/3.14.9/logging-interceptor-3.14.9.jar:/home/codespace/.m2/repository/org/json/json/20180130/json-20180130.jar:/home/codespace/.m2/repository/commons-codec/commons-codec/1.15/commons-codec-1.15.jar:/home/codespace/.m2/repository/org/apache/commons/commons-text/1.3/commons-text-1.3.jar:/home/codespace/.m2/repository/org/apache/commons/commons-lang3/3.12.0/commons-lang3-3.12.0.jar:"/>
    <property name="sun.cpu.endian" value="little"/>
    <property name="user.home" value="/home/codespace"/>
    <property name="user.language" value="en"/>
    <property name="java.specification.vendor" value="Oracle Corporation"/>
    <property name="java.version.date" value="2022-02-08"/>
    <property name="java.home" value="/opt/java/11.0.14"/>
    <property name="file.separator" value="/"/>
    <property name="basedir" value="/workspaces/ecomm"/>
    <property name="java.vm.compressedOopsMode" value="32-bit"/>
    <property name="line.separator" value="&#10;"/>
    <property name="java.specification.name" value="Java Platform API Specification"/>
    <property name="java.vm.specification.vendor" value="Oracle Corporation"/>
    <property name="java.awt.graphicsenv" value="sun.awt.X11GraphicsEnvironment"/>
    <property name="surefire.real.class.path" value="/workspaces/ecomm/target/surefire/surefirebooter9713717526028028484.jar"/>
    <property name="sun.management.compiler" value="HotSpot 64-Bit Tiered Compilers"/>
    <property name="java.runtime.version" value="11.0.14.1+1-LTS"/>
    <property name="user.name" value="codespace"/>
    <property name="path.separator" value=":"/>
    <property name="os.version" value="5.4.0-1094-azure"/>
    <property name="java.runtime.name" value="OpenJDK Runtime Environment"/>
    <property name="file.encoding" value="UTF-8"/>
    <property name="java.vm.name" value="OpenJDK 64-Bit Server VM"/>
    <property name="java.vendor.version" value="Microsoft-31205"/>
    <property name="localRepository" value="/home/codespace/.m2/repository"/>
    <property name="java.vendor.url.bug" value="https://github.com/microsoft/openjdk/issues"/>
    <property name="java.io.tmpdir" value="/tmp"/>
    <property name="java.version" value="11.0.14.1"/>
    <property name="user.dir" value="/workspaces/ecomm"/>
    <property name="os.arch" value="amd64"/>
    <property name="java.vm.specification.name" value="Java Virtual Machine Specification"/>
    <property name="java.awt.printerjob" value="sun.print.PSPrinterJob"/>
    <property name="sun.os.patch.level" value="unknown"/>
    <property name="java.library.path" value="/usr/java/packages/lib:/usr/lib64:/lib64:/lib:/usr/lib"/>
    <property name="java.vm.info" value="mixed mode"/>
    <property name="java.vendor" value="Microsoft"/>
    <property name="java.vm.version" value="11.0.14.1+1-LTS"/>
    <property name="sun.io.unicode.encoding" value="UnicodeLittle"/>
    <property name="java.class.version" value="55.0"/>
  </properties>
  <testcase name="contextLoads" classname="com.leo.rest.RestApplicationTests" time="0.957"/>
</testsuite>